  [1m[35m (441.7ms)[0m  [1m[35mCREATE DATABASE "OkayCutePaw_development" ENCODING = 'unicode'[0m
  ↳ bin/rails:9
  [1m[35m (299.7ms)[0m  [1m[35mCREATE DATABASE "OkayCutePaw_test" ENCODING = 'unicode'[0m
  ↳ bin/rails:9
  [1m[35m (51.2ms)[0m  [1m[35mCREATE TABLE "schema_migrations" ("version" character varying NOT NULL PRIMARY KEY)[0m
  ↳ bin/rails:9
  [1m[35m (4.9ms)[0m  [1m[35mCREATE TABLE "ar_internal_metadata" ("key" character varying NOT NULL PRIMARY KEY, "value" character varying, "created_at" timestamp NOT NULL, "updated_at" timestamp NOT NULL)[0m
  ↳ bin/rails:9
  [1m[35m (1.6ms)[0m  [1m[34mSELECT pg_try_advisory_lock(1174443957966043170)[0m
  ↳ bin/rails:9
  [1m[35m (1.8ms)[0m  [1m[34mSELECT "schema_migrations"."version" FROM "schema_migrations" ORDER BY "schema_migrations"."version" ASC[0m
  ↳ bin/rails:9
Migrating to CreateUsers (20190906224734)
  [1m[35m (0.3ms)[0m  [1m[35mBEGIN[0m
  ↳ bin/rails:9
  [1m[35m (11.2ms)[0m  [1m[35mCREATE TABLE "users" ("id" bigserial primary key, "username" character varying NOT NULL, "name" character varying NOT NULL, "password_digest" character varying NOT NULL, "session_token" character varying NOT NULL, "looking_for" character varying, "distance" integer, "question_answer_id" integer, "age" integer NOT NULL, "human" text, "gender" character varying, "about_me" text, "aspirations" text, "talent" text, "traits" text, "needs" text, "hobbies" text, "created_at" timestamp NOT NULL, "updated_at" timestamp NOT NULL)[0m
  ↳ db/migrate/20190906224734_create_users.rb:3
  [1m[35m (2.1ms)[0m  [1m[35mCREATE UNIQUE INDEX  "index_users_on_username" ON "users"  ("username")[0m
  ↳ db/migrate/20190906224734_create_users.rb:23
  [1m[35m (1.1ms)[0m  [1m[35mCREATE UNIQUE INDEX  "index_users_on_session_token" ON "users"  ("session_token")[0m
  ↳ db/migrate/20190906224734_create_users.rb:24
  [1m[36mActiveRecord::SchemaMigration Create (0.5ms)[0m  [1m[32mINSERT INTO "schema_migrations" ("version") VALUES ($1) RETURNING "version"[0m  [["version", "20190906224734"]]
  ↳ bin/rails:9
  [1m[35m (0.4ms)[0m  [1m[35mCOMMIT[0m
  ↳ bin/rails:9
  [1m[36mActiveRecord::InternalMetadata Load (0.5ms)[0m  [1m[34mSELECT  "ar_internal_metadata".* FROM "ar_internal_metadata" WHERE "ar_internal_metadata"."key" = $1 LIMIT $2[0m  [["key", "environment"], ["LIMIT", 1]]
  ↳ bin/rails:9
  [1m[35m (0.2ms)[0m  [1m[35mBEGIN[0m
  ↳ bin/rails:9
  [1m[36mActiveRecord::InternalMetadata Create (0.5ms)[0m  [1m[32mINSERT INTO "ar_internal_metadata" ("key", "value", "created_at", "updated_at") VALUES ($1, $2, $3, $4) RETURNING "key"[0m  [["key", "environment"], ["value", "development"], ["created_at", "2019-09-06 23:40:03.863241"], ["updated_at", "2019-09-06 23:40:03.863241"]]
  ↳ bin/rails:9
  [1m[35m (0.3ms)[0m  [1m[35mCOMMIT[0m
  ↳ bin/rails:9
  [1m[35m (0.2ms)[0m  [1m[34mSELECT pg_advisory_unlock(1174443957966043170)[0m
  ↳ bin/rails:9
  [1m[35m (0.3ms)[0m  [1m[34mSELECT "schema_migrations"."version" FROM "schema_migrations" ORDER BY "schema_migrations"."version" ASC[0m
  ↳ bin/rails:9
  [1m[35m (0.7ms)[0m  [1m[34mSELECT "schema_migrations"."version" FROM "schema_migrations" ORDER BY "schema_migrations"."version" ASC[0m
  ↳ /Users/carlosdelaomartinez/.rbenv/versions/2.5.1/bin/annotate:23
  [1m[35m (0.2ms)[0m  [1m[34mSELECT pg_try_advisory_lock(1174443957966043170)[0m
  ↳ bin/rails:9
  [1m[35m (1.6ms)[0m  [1m[34mSELECT "schema_migrations"."version" FROM "schema_migrations" ORDER BY "schema_migrations"."version" ASC[0m
  ↳ bin/rails:9
Migrating to AddColumn (20190907003132)
  [1m[35m (0.2ms)[0m  [1m[35mBEGIN[0m
  ↳ bin/rails:9
  [1m[35m (0.2ms)[0m  [1m[31mROLLBACK[0m
  ↳ bin/rails:9
  [1m[35m (0.3ms)[0m  [1m[34mSELECT pg_advisory_unlock(1174443957966043170)[0m
  ↳ bin/rails:9
  [1m[35m (1.9ms)[0m  [1m[34mSELECT "schema_migrations"."version" FROM "schema_migrations" ORDER BY "schema_migrations"."version" ASC[0m
  ↳ bin/rails:9
  [1m[35m (0.2ms)[0m  [1m[34mSELECT pg_try_advisory_lock(1174443957966043170)[0m
  ↳ bin/rails:9
  [1m[35m (0.7ms)[0m  [1m[34mSELECT "schema_migrations"."version" FROM "schema_migrations" ORDER BY "schema_migrations"."version" ASC[0m
  ↳ bin/rails:9
Migrating to AddColumn (20190907003132)
  [1m[35m (0.2ms)[0m  [1m[35mBEGIN[0m
  ↳ bin/rails:9
  [1m[35m (0.2ms)[0m  [1m[31mROLLBACK[0m
  ↳ bin/rails:9
  [1m[35m (0.3ms)[0m  [1m[34mSELECT pg_advisory_unlock(1174443957966043170)[0m
  ↳ bin/rails:9
  [1m[35m (0.2ms)[0m  [1m[34mSELECT pg_try_advisory_lock(1174443957966043170)[0m
  ↳ bin/rails:9
  [1m[35m (1.2ms)[0m  [1m[34mSELECT "schema_migrations"."version" FROM "schema_migrations" ORDER BY "schema_migrations"."version" ASC[0m
  ↳ bin/rails:9
Migrating to AddColumn (20190907003132)
  [1m[35m (0.2ms)[0m  [1m[35mBEGIN[0m
  ↳ bin/rails:9
  [1m[35m (5.4ms)[0m  [1m[35mALTER TABLE "users" ADD "location" character varying NOT NULL[0m
  ↳ db/migrate/20190907003132_add_column.rb:3
  [1m[36mActiveRecord::SchemaMigration Create (0.3ms)[0m  [1m[32mINSERT INTO "schema_migrations" ("version") VALUES ($1) RETURNING "version"[0m  [["version", "20190907003132"]]
  ↳ bin/rails:9
  [1m[35m (0.5ms)[0m  [1m[35mCOMMIT[0m
  ↳ bin/rails:9
  [1m[36mActiveRecord::InternalMetadata Load (0.4ms)[0m  [1m[34mSELECT  "ar_internal_metadata".* FROM "ar_internal_metadata" WHERE "ar_internal_metadata"."key" = $1 LIMIT $2[0m  [["key", "environment"], ["LIMIT", 1]]
  ↳ bin/rails:9
  [1m[35m (0.5ms)[0m  [1m[35mBEGIN[0m
  ↳ bin/rails:9
  [1m[35m (0.2ms)[0m  [1m[35mCOMMIT[0m
  ↳ bin/rails:9
  [1m[35m (2.1ms)[0m  [1m[34mSELECT pg_advisory_unlock(1174443957966043170)[0m
  ↳ bin/rails:9
  [1m[35m (0.4ms)[0m  [1m[34mSELECT "schema_migrations"."version" FROM "schema_migrations" ORDER BY "schema_migrations"."version" ASC[0m
  ↳ bin/rails:9
  [1m[35m (0.8ms)[0m  [1m[34mSELECT "schema_migrations"."version" FROM "schema_migrations" ORDER BY "schema_migrations"."version" ASC[0m
  ↳ /Users/carlosdelaomartinez/.rbenv/versions/2.5.1/bin/annotate:23
  [1m[35m (1.4ms)[0m  [1m[35mCREATE DATABASE "OkayCutePaw_development" ENCODING = 'unicode'[0m
  ↳ bin/rails:9
  [1m[35m (0.7ms)[0m  [1m[35mCREATE DATABASE "OkayCutePaw_test" ENCODING = 'unicode'[0m
  ↳ bin/rails:9
Started GET "/" for ::1 at 2019-09-09 13:21:16 -0700
  [1m[35m (3.6ms)[0m  [1m[34mSELECT "schema_migrations"."version" FROM "schema_migrations" ORDER BY "schema_migrations"."version" ASC[0m
  ↳ /Users/carlosdelaomartinez/.rbenv/versions/2.5.1/lib/ruby/gems/2.5.0/gems/activerecord-5.2.3/lib/active_record/log_subscriber.rb:98
Processing by StaticPagesController#root as HTML
Completed 500 Internal Server Error in 7ms (ActiveRecord: 0.0ms)



ActionView::MissingTemplate - Missing template static_pages/root, application/root with {:locale=>[:en], :formats=>[:html], :variants=>[], :handlers=>[:raw, :erb, :html, :builder, :ruby, :coffee, :jbuilder]}. Searched in:
  * "/Users/carlosdelaomartinez/Desktop/FSP OCP/OkayCutePaw/app/views"
:
  app/controllers/static_pages_controller.rb:4:in `root'

Started POST "/__better_errors/4d4fa06cc655c065/variables" for ::1 at 2019-09-09 13:21:16 -0700
Started GET "/" for ::1 at 2019-09-09 13:23:14 -0700
Processing by StaticPagesController#root as HTML
  Rendering static_pages/root.html.erb within layouts/application
  Rendered static_pages/root.html.erb within layouts/application (10.3ms)
Completed 200 OK in 1101ms (Views: 1100.1ms | ActiveRecord: 0.0ms)


Started GET "/" for ::1 at 2019-09-09 13:23:30 -0700
Processing by StaticPagesController#root as HTML
  Rendering static_pages/root.html.erb within layouts/application
  Rendered static_pages/root.html.erb within layouts/application (0.3ms)
Completed 200 OK in 23ms (Views: 22.3ms | ActiveRecord: 0.0ms)


Started GET "/" for ::1 at 2019-09-09 13:25:50 -0700
Processing by StaticPagesController#root as HTML
  Rendering static_pages/root.html.erb within layouts/application
  Rendered static_pages/root.html.erb within layouts/application (0.3ms)
Completed 200 OK in 313ms (Views: 312.8ms | ActiveRecord: 0.0ms)


Started GET "/" for ::1 at 2019-09-09 13:25:52 -0700
Processing by StaticPagesController#root as HTML
  Rendering static_pages/root.html.erb within layouts/application
  Rendered static_pages/root.html.erb within layouts/application (0.3ms)
Completed 200 OK in 24ms (Views: 24.1ms | ActiveRecord: 0.0ms)


Started GET "/" for ::1 at 2019-09-09 13:26:29 -0700
Processing by StaticPagesController#root as HTML
  Rendering static_pages/root.html.erb within layouts/application
  Rendered static_pages/root.html.erb within layouts/application (0.3ms)
Completed 200 OK in 305ms (Views: 304.6ms | ActiveRecord: 0.0ms)


Started GET "/" for ::1 at 2019-09-09 14:09:13 -0700
Processing by StaticPagesController#root as HTML
  Rendering static_pages/root.html.erb within layouts/application
  Rendered static_pages/root.html.erb within layouts/application (1.3ms)
Completed 200 OK in 410ms (Views: 410.0ms | ActiveRecord: 0.0ms)


Started GET "/" for ::1 at 2019-09-09 14:21:43 -0700
Processing by StaticPagesController#root as HTML
  Rendering static_pages/root.html.erb within layouts/application
  Rendered static_pages/root.html.erb within layouts/application (0.4ms)
Completed 200 OK in 412ms (Views: 411.6ms | ActiveRecord: 0.0ms)


Started GET "/" for ::1 at 2019-09-09 14:22:34 -0700
Processing by StaticPagesController#root as HTML
  Rendering static_pages/root.html.erb within layouts/application
  Rendered static_pages/root.html.erb within layouts/application (0.3ms)
Completed 200 OK in 405ms (Views: 405.1ms | ActiveRecord: 0.0ms)


Started GET "/" for ::1 at 2019-09-09 14:24:31 -0700
Processing by StaticPagesController#root as HTML
  Rendering static_pages/root.html.erb within layouts/application
  Rendered static_pages/root.html.erb within layouts/application (0.4ms)
  [1m[36mUser Load (2.6ms)[0m  [1m[34mSELECT  "users".* FROM "users" WHERE "users"."session_token" IS NULL LIMIT $1[0m  [["LIMIT", 1]]
  ↳ app/controllers/application_controller.rb:6
Completed 200 OK in 72ms (Views: 56.6ms | ActiveRecord: 14.9ms)


  [1m[36mUser Load (0.7ms)[0m  [1m[34mSELECT "users".* FROM "users"[0m
  [1m[35m (0.2ms)[0m  [1m[35mBEGIN[0m
  [1m[35m (0.3ms)[0m  [1m[31mROLLBACK[0m
  [1m[35m (0.2ms)[0m  [1m[35mBEGIN[0m
  [1m[35m (0.2ms)[0m  [1m[31mROLLBACK[0m
  [1m[35m (1.7ms)[0m  [1m[34mSELECT "schema_migrations"."version" FROM "schema_migrations" ORDER BY "schema_migrations"."version" ASC[0m
  ↳ /Users/carlosdelaomartinez/.rbenv/versions/2.5.1/bin/annotate:23
  [1m[36mUser Load (0.5ms)[0m  [1m[34mSELECT "users".* FROM "users"[0m
  [1m[35m (1.4ms)[0m  [1m[34mSELECT pg_try_advisory_lock(1174443957966043170)[0m
  ↳ bin/rails:9
  [1m[35m (0.7ms)[0m  [1m[34mSELECT "schema_migrations"."version" FROM "schema_migrations" ORDER BY "schema_migrations"."version" ASC[0m
  ↳ bin/rails:9
Migrating to Add (20190909213950)
  [1m[35m (0.1ms)[0m  [1m[35mBEGIN[0m
  ↳ bin/rails:9
  [1m[35m (6.9ms)[0m  [1m[35mALTER TABLE "users" ADD "distance" integer DEFAULT 5[0m
  ↳ db/migrate/20190909213950_add.rb:3
  [1m[35m (0.1ms)[0m  [1m[31mROLLBACK[0m
  ↳ bin/rails:9
  [1m[35m (0.2ms)[0m  [1m[34mSELECT pg_advisory_unlock(1174443957966043170)[0m
  ↳ bin/rails:9
  [1m[35m (0.1ms)[0m  [1m[34mSELECT pg_try_advisory_lock(1174443957966043170)[0m
  ↳ bin/rails:9
  [1m[35m (0.6ms)[0m  [1m[34mSELECT "schema_migrations"."version" FROM "schema_migrations" ORDER BY "schema_migrations"."version" ASC[0m
  ↳ bin/rails:9
Migrating to Add (20190909213950)
  [1m[35m (0.1ms)[0m  [1m[35mBEGIN[0m
  ↳ bin/rails:9
  [1m[36mActiveRecord::SchemaMigration Create (2.5ms)[0m  [1m[32mINSERT INTO "schema_migrations" ("version") VALUES ($1) RETURNING "version"[0m  [["version", "20190909213950"]]
  ↳ bin/rails:9
  [1m[35m (0.4ms)[0m  [1m[35mCOMMIT[0m
  ↳ bin/rails:9
  [1m[36mActiveRecord::InternalMetadata Load (1.7ms)[0m  [1m[34mSELECT  "ar_internal_metadata".* FROM "ar_internal_metadata" WHERE "ar_internal_metadata"."key" = $1 LIMIT $2[0m  [["key", "environment"], ["LIMIT", 1]]
  ↳ bin/rails:9
  [1m[35m (0.1ms)[0m  [1m[35mBEGIN[0m
  ↳ bin/rails:9
  [1m[35m (0.1ms)[0m  [1m[35mCOMMIT[0m
  ↳ bin/rails:9
  [1m[35m (0.2ms)[0m  [1m[34mSELECT pg_advisory_unlock(1174443957966043170)[0m
  ↳ bin/rails:9
  [1m[35m (0.3ms)[0m  [1m[34mSELECT "schema_migrations"."version" FROM "schema_migrations" ORDER BY "schema_migrations"."version" ASC[0m
  ↳ bin/rails:9
  [1m[35m (0.4ms)[0m  [1m[35mBEGIN[0m
  [1m[36mUser Create (2.5ms)[0m  [1m[32mINSERT INTO "users" ("username", "name", "password_digest", "session_token", "age", "created_at", "updated_at", "location") VALUES ($1, $2, $3, $4, $5, $6, $7, $8) RETURNING "id"[0m  [["username", "carlos"], ["name", "carlos"], ["password_digest", "$2a$12$ZSC6VWuZyP8pSW/3GaWtNe6DRgIZOTa1f5YVBVfAc/vTCU8zxXIPi"], ["session_token", "PoQ5yKThG-tjZF83RU4ZFg"], ["age", 23], ["created_at", "2019-09-09 21:45:24.256589"], ["updated_at", "2019-09-09 21:45:24.256589"], ["location", "sf"]]
  [1m[35m (0.6ms)[0m  [1m[35mCOMMIT[0m
  [1m[36mUser Load (0.5ms)[0m  [1m[34mSELECT "users".* FROM "users"[0m
Started GET "/" for ::1 at 2019-09-09 14:45:36 -0700
  [1m[35m (0.7ms)[0m  [1m[34mSELECT "schema_migrations"."version" FROM "schema_migrations" ORDER BY "schema_migrations"."version" ASC[0m
  ↳ /Users/carlosdelaomartinez/.rbenv/versions/2.5.1/lib/ruby/gems/2.5.0/gems/activerecord-5.2.3/lib/active_record/log_subscriber.rb:98
Processing by StaticPagesController#root as HTML
  Rendering static_pages/root.html.erb within layouts/application
  Rendered static_pages/root.html.erb within layouts/application (0.8ms)
  [1m[36mUser Load (0.7ms)[0m  [1m[34mSELECT  "users".* FROM "users" WHERE "users"."session_token" IS NULL LIMIT $1[0m  [["LIMIT", 1]]
  ↳ app/controllers/application_controller.rb:6
Completed 200 OK in 58ms (Views: 53.5ms | ActiveRecord: 4.3ms)


Started POST "/api/users/" for ::1 at 2019-09-09 14:46:54 -0700
Processing by Api::UsersController#create as JSON
  Parameters: {"user"=>{"username"=>"carlossdaf", "name"=>"carlos", "password"=>"[FILTERED]", "location"=>"sf", "age"=>"23"}}
Unpermitted parameter: :location
  [1m[35m (0.1ms)[0m  [1m[35mBEGIN[0m
  ↳ app/controllers/api/users_controller.rb:4
  [1m[35m (0.1ms)[0m  [1m[31mROLLBACK[0m
  ↳ app/controllers/api/users_controller.rb:4
Completed 422 Unprocessable Entity in 252ms (Views: 0.2ms | ActiveRecord: 6.3ms)


Started POST "/api/users/" for ::1 at 2019-09-09 14:47:37 -0700
Processing by Api::UsersController#create as JSON
  Parameters: {"user"=>{"username"=>"carlossdaf", "name"=>"carlos", "password"=>"[FILTERED]", "location"=>"sf", "age"=>"23"}}
  [1m[35m (0.2ms)[0m  [1m[35mBEGIN[0m
  ↳ app/controllers/api/users_controller.rb:4
  [1m[36mUser Create (0.6ms)[0m  [1m[32mINSERT INTO "users" ("username", "name", "password_digest", "session_token", "age", "created_at", "updated_at", "location") VALUES ($1, $2, $3, $4, $5, $6, $7, $8) RETURNING "id"[0m  [["username", "carlossdaf"], ["name", "carlos"], ["password_digest", "$2a$12$HF6wJut8tFwzLGV.asOG2u9RKXqavYCzg2XTWidQmM5.rWdVh7TFS"], ["session_token", "iq7-qHaQvAs21VGhisyCIw"], ["age", 23], ["created_at", "2019-09-09 21:47:37.618991"], ["updated_at", "2019-09-09 21:47:37.618991"], ["location", "sf"]]
  ↳ app/controllers/api/users_controller.rb:4
  [1m[35m (2.1ms)[0m  [1m[35mCOMMIT[0m
  ↳ app/controllers/api/users_controller.rb:4
  [1m[35m (12.8ms)[0m  [1m[35mBEGIN[0m
  ↳ app/models/user.rb:51
  [1m[36mUser Update (0.5ms)[0m  [1m[33mUPDATE "users" SET "session_token" = $1, "updated_at" = $2 WHERE "users"."id" = $3[0m  [["session_token", "2E-0oIVYFPGNt3QDh241pA"], ["updated_at", "2019-09-09 21:47:37.637110"], ["id", 2]]
  ↳ app/models/user.rb:51
  [1m[35m (0.3ms)[0m  [1m[35mCOMMIT[0m
  ↳ app/models/user.rb:51
  Rendering api/users/show.json.jbuilder
  Rendered api/users/show.json.jbuilder (1.2ms)
Completed 200 OK in 267ms (Views: 6.9ms | ActiveRecord: 22.4ms)


Started DELETE "/api/session/" for ::1 at 2019-09-09 14:47:52 -0700

NameError - uninitialized constant Api::SessionsController:

Started DELETE "/api/session/" for ::1 at 2019-09-09 14:49:07 -0700
Processing by Api::SessionsController#destroy as JSON
  [1m[36mUser Load (0.9ms)[0m  [1m[34mSELECT  "users".* FROM "users" WHERE "users"."session_token" = $1 LIMIT $2[0m  [["session_token", "2E-0oIVYFPGNt3QDh241pA"], ["LIMIT", 1]]
  ↳ app/controllers/application_controller.rb:6
  [1m[35m (0.2ms)[0m  [1m[35mBEGIN[0m
  ↳ app/models/user.rb:51
  [1m[36mUser Update (0.5ms)[0m  [1m[33mUPDATE "users" SET "session_token" = $1, "updated_at" = $2 WHERE "users"."id" = $3[0m  [["session_token", "fHaz9ymFG7QVw6nvaVn2jA"], ["updated_at", "2019-09-09 21:49:07.634857"], ["id", 2]]
  ↳ app/models/user.rb:51
  [1m[35m (0.4ms)[0m  [1m[35mCOMMIT[0m
  ↳ app/models/user.rb:51
Completed 200 OK in 42ms (Views: 0.3ms | ActiveRecord: 11.2ms)


Started POST "/api/session/" for ::1 at 2019-09-09 14:49:29 -0700
Processing by Api::SessionsController#create as JSON
  Parameters: {"user"=>{"username"=>"carlossdaf", "password"=>"[FILTERED]"}}
  [1m[36mUser Load (0.9ms)[0m  [1m[34mSELECT  "users".* FROM "users" WHERE "users"."username" = $1 LIMIT $2[0m  [["username", "carlossdaf"], ["LIMIT", 1]]
  ↳ app/models/user.rb:35
  [1m[35m (0.1ms)[0m  [1m[35mBEGIN[0m
  ↳ app/models/user.rb:51
  [1m[36mUser Update (0.5ms)[0m  [1m[33mUPDATE "users" SET "session_token" = $1, "updated_at" = $2 WHERE "users"."id" = $3[0m  [["session_token", "Pt-QooTj_WVacn-RCr3EHA"], ["updated_at", "2019-09-09 21:49:29.368085"], ["id", 2]]
  ↳ app/models/user.rb:51
  [1m[35m (5.3ms)[0m  [1m[35mCOMMIT[0m
  ↳ app/models/user.rb:51
Completed 500 Internal Server Error in 242ms (ActiveRecord: 6.8ms)



ActionView::MissingTemplate - Missing template api/sessions/show, application/show with {:locale=>[:en], :formats=>[:json], :variants=>[], :handlers=>[:raw, :erb, :html, :builder, :ruby, :coffee, :jbuilder]}. Searched in:
  * "/Users/carlosdelaomartinez/Desktop/FSP OCP/OkayCutePaw/app/views"
:
  app/controllers/api/sessions_controller.rb:12:in `create'

Started POST "/api/session/" for ::1 at 2019-09-09 14:50:16 -0700
Processing by Api::SessionsController#create as JSON
  Parameters: {"user"=>{"username"=>"carlossdaf", "password"=>"[FILTERED]"}}
  [1m[36mUser Load (0.8ms)[0m  [1m[34mSELECT  "users".* FROM "users" WHERE "users"."username" = $1 LIMIT $2[0m  [["username", "carlossdaf"], ["LIMIT", 1]]
  ↳ app/models/user.rb:35
  [1m[35m (0.1ms)[0m  [1m[35mBEGIN[0m
  ↳ app/models/user.rb:51
  [1m[36mUser Update (0.4ms)[0m  [1m[33mUPDATE "users" SET "session_token" = $1, "updated_at" = $2 WHERE "users"."id" = $3[0m  [["session_token", "M4B0TS_75vtuLTV3KsxPXA"], ["updated_at", "2019-09-09 21:50:16.978216"], ["id", 2]]
  ↳ app/models/user.rb:51
  [1m[35m (5.4ms)[0m  [1m[35mCOMMIT[0m
  ↳ app/models/user.rb:51
  Rendering api/sessions/show.json.jbuilder
  Rendered api/sessions/show.json.jbuilder (0.4ms)
Completed 200 OK in 231ms (Views: 6.2ms | ActiveRecord: 6.8ms)


Started DELETE "/api/session/" for ::1 at 2019-09-09 14:50:23 -0700
Processing by Api::SessionsController#destroy as JSON
  [1m[36mUser Load (0.4ms)[0m  [1m[34mSELECT  "users".* FROM "users" WHERE "users"."session_token" = $1 LIMIT $2[0m  [["session_token", "M4B0TS_75vtuLTV3KsxPXA"], ["LIMIT", 1]]
  ↳ app/controllers/application_controller.rb:6
  [1m[35m (0.1ms)[0m  [1m[35mBEGIN[0m
  ↳ app/models/user.rb:51
  [1m[36mUser Update (1.0ms)[0m  [1m[33mUPDATE "users" SET "session_token" = $1, "updated_at" = $2 WHERE "users"."id" = $3[0m  [["session_token", "OHDhuSsK95HxNnpvIZaebw"], ["updated_at", "2019-09-09 21:50:23.994762"], ["id", 2]]
  ↳ app/models/user.rb:51
  [1m[35m (5.1ms)[0m  [1m[35mCOMMIT[0m
  ↳ app/models/user.rb:51
Completed 200 OK in 10ms (Views: 0.2ms | ActiveRecord: 6.6ms)


Started POST "/api/users/" for ::1 at 2019-09-09 14:50:27 -0700
Processing by Api::UsersController#create as JSON
  Parameters: {"user"=>{"username"=>"carlossdaf", "name"=>"carlos", "password"=>"[FILTERED]", "location"=>"sf", "age"=>"23"}}
  [1m[35m (0.2ms)[0m  [1m[35mBEGIN[0m
  ↳ app/controllers/api/users_controller.rb:4
  [1m[36mUser Create (6.7ms)[0m  [1m[32mINSERT INTO "users" ("username", "name", "password_digest", "session_token", "age", "created_at", "updated_at", "location") VALUES ($1, $2, $3, $4, $5, $6, $7, $8) RETURNING "id"[0m  [["username", "carlossdaf"], ["name", "carlos"], ["password_digest", "$2a$12$XcMhu/rCU3OxAZfK2wiYgudFAc5F9yRw08mPKKGxvUjxqJ6lk8iwe"], ["session_token", "6AgyXx1GCkYW7eMFDjcLqQ"], ["age", 23], ["created_at", "2019-09-09 21:50:27.659543"], ["updated_at", "2019-09-09 21:50:27.659543"], ["location", "sf"]]
  ↳ app/controllers/api/users_controller.rb:4
  [1m[35m (0.1ms)[0m  [1m[31mROLLBACK[0m
  ↳ app/controllers/api/users_controller.rb:4
Completed 500 Internal Server Error in 221ms (ActiveRecord: 7.0ms)



PG::UniqueViolation - ERROR:  duplicate key value violates unique constraint "index_users_on_username"
DETAIL:  Key (username)=(carlossdaf) already exists.
:
  app/controllers/api/users_controller.rb:4:in `create'

Started GET "/" for ::1 at 2019-09-09 14:51:33 -0700
Processing by StaticPagesController#root as HTML
  Rendering static_pages/root.html.erb within layouts/application
  Rendered static_pages/root.html.erb within layouts/application (0.4ms)
  [1m[36mUser Load (0.4ms)[0m  [1m[34mSELECT  "users".* FROM "users" WHERE "users"."session_token" IS NULL LIMIT $1[0m  [["LIMIT", 1]]
  ↳ app/controllers/application_controller.rb:6
Completed 200 OK in 253ms (Views: 252.2ms | ActiveRecord: 0.4ms)


Started GET "/" for ::1 at 2019-09-09 14:53:47 -0700
Processing by StaticPagesController#root as HTML
  Rendering static_pages/root.html.erb within layouts/application
  Rendered static_pages/root.html.erb within layouts/application (0.3ms)
  [1m[36mUser Load (0.3ms)[0m  [1m[34mSELECT  "users".* FROM "users" WHERE "users"."session_token" IS NULL LIMIT $1[0m  [["LIMIT", 1]]
  ↳ app/controllers/application_controller.rb:6
Completed 200 OK in 389ms (Views: 388.4ms | ActiveRecord: 0.3ms)


Started GET "/" for ::1 at 2019-09-09 14:56:13 -0700
Processing by StaticPagesController#root as HTML
  Rendering static_pages/root.html.erb within layouts/application
  Rendered static_pages/root.html.erb within layouts/application (0.4ms)
  [1m[36mUser Load (0.3ms)[0m  [1m[34mSELECT  "users".* FROM "users" WHERE "users"."session_token" IS NULL LIMIT $1[0m  [["LIMIT", 1]]
  ↳ app/controllers/application_controller.rb:6
Completed 200 OK in 406ms (Views: 405.6ms | ActiveRecord: 0.3ms)


Started GET "/" for ::1 at 2019-09-09 14:56:28 -0700
Processing by StaticPagesController#root as HTML
  Rendering static_pages/root.html.erb within layouts/application
  Rendered static_pages/root.html.erb within layouts/application (2.4ms)
  [1m[36mUser Load (1.0ms)[0m  [1m[34mSELECT  "users".* FROM "users" WHERE "users"."session_token" IS NULL LIMIT $1[0m  [["LIMIT", 1]]
  ↳ app/controllers/application_controller.rb:6
Completed 200 OK in 112ms (Views: 109.2ms | ActiveRecord: 1.0ms)


Started GET "/" for ::1 at 2019-09-09 14:56:30 -0700
Processing by StaticPagesController#root as HTML
  Rendering static_pages/root.html.erb within layouts/application
  Rendered static_pages/root.html.erb within layouts/application (0.3ms)
  [1m[36mUser Load (0.5ms)[0m  [1m[34mSELECT  "users".* FROM "users" WHERE "users"."session_token" IS NULL LIMIT $1[0m  [["LIMIT", 1]]
  ↳ app/controllers/application_controller.rb:6
Completed 200 OK in 33ms (Views: 32.2ms | ActiveRecord: 0.5ms)


Started GET "/" for ::1 at 2019-09-09 14:56:30 -0700
Processing by StaticPagesController#root as HTML
  Rendering static_pages/root.html.erb within layouts/application
  Rendered static_pages/root.html.erb within layouts/application (0.6ms)
  [1m[36mUser Load (0.3ms)[0m  [1m[34mSELECT  "users".* FROM "users" WHERE "users"."session_token" IS NULL LIMIT $1[0m  [["LIMIT", 1]]
  ↳ app/controllers/application_controller.rb:6
Completed 200 OK in 73ms (Views: 72.6ms | ActiveRecord: 0.3ms)


Started GET "/" for ::1 at 2019-09-09 14:56:31 -0700
Processing by StaticPagesController#root as HTML
  Rendering static_pages/root.html.erb within layouts/application
  Rendered static_pages/root.html.erb within layouts/application (0.5ms)
  [1m[36mUser Load (0.2ms)[0m  [1m[34mSELECT  "users".* FROM "users" WHERE "users"."session_token" IS NULL LIMIT $1[0m  [["LIMIT", 1]]
  ↳ app/controllers/application_controller.rb:6
Completed 200 OK in 40ms (Views: 40.1ms | ActiveRecord: 0.2ms)


Started DELETE "/api/session/" for ::1 at 2019-09-09 14:56:35 -0700
Processing by Api::SessionsController#destroy as JSON
  [1m[36mUser Load (0.2ms)[0m  [1m[34mSELECT  "users".* FROM "users" WHERE "users"."session_token" IS NULL LIMIT $1[0m  [["LIMIT", 1]]
  ↳ app/controllers/application_controller.rb:6
Completed 404 Not Found in 2ms (Views: 0.1ms | ActiveRecord: 0.2ms)


Started GET "/" for ::1 at 2019-09-09 14:56:55 -0700
Processing by StaticPagesController#root as HTML
  Rendering static_pages/root.html.erb within layouts/application
  Rendered static_pages/root.html.erb within layouts/application (0.9ms)
  [1m[36mUser Load (0.3ms)[0m  [1m[34mSELECT  "users".* FROM "users" WHERE "users"."session_token" IS NULL LIMIT $1[0m  [["LIMIT", 1]]
  ↳ app/controllers/application_controller.rb:6
Completed 200 OK in 49ms (Views: 48.5ms | ActiveRecord: 0.3ms)


Started GET "/" for ::1 at 2019-09-09 14:56:59 -0700
Processing by StaticPagesController#root as HTML
  Rendering static_pages/root.html.erb within layouts/application
  Rendered static_pages/root.html.erb within layouts/application (0.4ms)
  [1m[36mUser Load (0.2ms)[0m  [1m[34mSELECT  "users".* FROM "users" WHERE "users"."session_token" IS NULL LIMIT $1[0m  [["LIMIT", 1]]
  ↳ app/controllers/application_controller.rb:6
Completed 200 OK in 365ms (Views: 364.8ms | ActiveRecord: 0.2ms)


Started GET "/" for ::1 at 2019-09-09 15:01:44 -0700
Processing by StaticPagesController#root as HTML
  Rendering static_pages/root.html.erb within layouts/application
  Rendered static_pages/root.html.erb within layouts/application (1.1ms)
  [1m[36mUser Load (0.3ms)[0m  [1m[34mSELECT  "users".* FROM "users" WHERE "users"."session_token" IS NULL LIMIT $1[0m  [["LIMIT", 1]]
  ↳ app/controllers/application_controller.rb:6
Completed 200 OK in 86ms (Views: 85.8ms | ActiveRecord: 0.3ms)


Started GET "/" for ::1 at 2019-09-09 15:02:33 -0700
Processing by StaticPagesController#root as HTML
  Rendering static_pages/root.html.erb within layouts/application
  Rendered static_pages/root.html.erb within layouts/application (0.4ms)
  [1m[36mUser Load (0.2ms)[0m  [1m[34mSELECT  "users".* FROM "users" WHERE "users"."session_token" IS NULL LIMIT $1[0m  [["LIMIT", 1]]
  ↳ app/controllers/application_controller.rb:6
Completed 200 OK in 372ms (Views: 371.7ms | ActiveRecord: 0.2ms)


Started POST "/api/users/" for ::1 at 2019-09-09 15:02:55 -0700
Processing by Api::UsersController#create as JSON
  Parameters: {"user"=>{"username"=>"carlosisthebest", "password"=>"[FILTERED]"}}
  [1m[35m (0.1ms)[0m  [1m[35mBEGIN[0m
  ↳ app/controllers/api/users_controller.rb:4
  [1m[35m (0.1ms)[0m  [1m[31mROLLBACK[0m
  ↳ app/controllers/api/users_controller.rb:4
Completed 422 Unprocessable Entity in 215ms (Views: 0.2ms | ActiveRecord: 0.3ms)


Started GET "/" for ::1 at 2019-09-09 15:06:38 -0700
Processing by StaticPagesController#root as HTML
  Rendering static_pages/root.html.erb within layouts/application
  Rendered static_pages/root.html.erb within layouts/application (0.3ms)
  [1m[36mUser Load (0.2ms)[0m  [1m[34mSELECT  "users".* FROM "users" WHERE "users"."session_token" IS NULL LIMIT $1[0m  [["LIMIT", 1]]
  ↳ app/controllers/application_controller.rb:6
Completed 200 OK in 361ms (Views: 360.6ms | ActiveRecord: 0.2ms)


Started GET "/" for ::1 at 2019-09-09 15:22:29 -0700
Processing by StaticPagesController#root as HTML
  Rendering static_pages/root.html.erb within layouts/application
  Rendered static_pages/root.html.erb within layouts/application (1.2ms)
  [1m[36mUser Load (0.6ms)[0m  [1m[34mSELECT  "users".* FROM "users" WHERE "users"."session_token" IS NULL LIMIT $1[0m  [["LIMIT", 1]]
  ↳ app/controllers/application_controller.rb:6
Completed 200 OK in 614ms (Views: 611.7ms | ActiveRecord: 0.9ms)


Started GET "/" for ::1 at 2019-09-09 15:22:45 -0700
Processing by StaticPagesController#root as HTML
  Rendering static_pages/root.html.erb within layouts/application
  Rendered static_pages/root.html.erb within layouts/application (0.4ms)
  [1m[36mUser Load (0.5ms)[0m  [1m[34mSELECT  "users".* FROM "users" WHERE "users"."session_token" IS NULL LIMIT $1[0m  [["LIMIT", 1]]
  ↳ app/controllers/application_controller.rb:6
Completed 200 OK in 32ms (Views: 31.7ms | ActiveRecord: 0.5ms)


Started GET "/" for ::1 at 2019-09-09 15:24:33 -0700
Processing by StaticPagesController#root as HTML
  Rendering static_pages/root.html.erb within layouts/application
  Rendered static_pages/root.html.erb within layouts/application (0.3ms)
  [1m[36mUser Load (0.4ms)[0m  [1m[34mSELECT  "users".* FROM "users" WHERE "users"."session_token" IS NULL LIMIT $1[0m  [["LIMIT", 1]]
  ↳ app/controllers/application_controller.rb:6
Completed 200 OK in 390ms (Views: 389.5ms | ActiveRecord: 0.4ms)


Started GET "/" for ::1 at 2019-09-09 16:19:16 -0700
Processing by StaticPagesController#root as HTML
  Rendering static_pages/root.html.erb within layouts/application
  Rendered static_pages/root.html.erb within layouts/application (4.7ms)
  [1m[36mUser Load (1.0ms)[0m  [1m[34mSELECT  "users".* FROM "users" WHERE "users"."session_token" IS NULL LIMIT $1[0m  [["LIMIT", 1]]
  ↳ app/controllers/application_controller.rb:6
Completed 200 OK in 99ms (Views: 96.0ms | ActiveRecord: 1.2ms)


Started GET "/" for ::1 at 2019-09-09 16:19:30 -0700
Processing by StaticPagesController#root as HTML
  Rendering static_pages/root.html.erb within layouts/application
  Rendered static_pages/root.html.erb within layouts/application (0.4ms)
  [1m[36mUser Load (0.4ms)[0m  [1m[34mSELECT  "users".* FROM "users" WHERE "users"."session_token" IS NULL LIMIT $1[0m  [["LIMIT", 1]]
  ↳ app/controllers/application_controller.rb:6
Completed 200 OK in 31ms (Views: 30.3ms | ActiveRecord: 0.4ms)


Started GET "/" for ::1 at 2019-09-09 16:19:42 -0700
Processing by StaticPagesController#root as HTML
  Rendering static_pages/root.html.erb within layouts/application
  Rendered static_pages/root.html.erb within layouts/application (0.9ms)
  [1m[36mUser Load (0.3ms)[0m  [1m[34mSELECT  "users".* FROM "users" WHERE "users"."session_token" IS NULL LIMIT $1[0m  [["LIMIT", 1]]
  ↳ app/controllers/application_controller.rb:6
Completed 200 OK in 43ms (Views: 42.0ms | ActiveRecord: 0.3ms)


Started GET "/" for ::1 at 2019-09-09 16:20:09 -0700
Processing by StaticPagesController#root as HTML
  Rendering static_pages/root.html.erb within layouts/application
  Rendered static_pages/root.html.erb within layouts/application (0.4ms)
  [1m[36mUser Load (0.3ms)[0m  [1m[34mSELECT  "users".* FROM "users" WHERE "users"."session_token" IS NULL LIMIT $1[0m  [["LIMIT", 1]]
  ↳ app/controllers/application_controller.rb:6
Completed 200 OK in 411ms (Views: 410.2ms | ActiveRecord: 0.3ms)


Started POST "/api/users/" for ::1 at 2019-09-09 16:20:17 -0700
Processing by Api::UsersController#create as JSON
  Parameters: {"user"=>{"username"=>"Carlos", "password"=>"[FILTERED]"}}
  [1m[35m (0.1ms)[0m  [1m[35mBEGIN[0m
  ↳ app/controllers/api/users_controller.rb:4
  [1m[35m (0.2ms)[0m  [1m[31mROLLBACK[0m
  ↳ app/controllers/api/users_controller.rb:4
Completed 422 Unprocessable Entity in 224ms (Views: 0.2ms | ActiveRecord: 0.3ms)


Started GET "/" for ::1 at 2019-09-09 16:33:28 -0700
Processing by StaticPagesController#root as HTML
  Rendering static_pages/root.html.erb within layouts/application
  Rendered static_pages/root.html.erb within layouts/application (0.3ms)
  [1m[36mUser Load (0.5ms)[0m  [1m[34mSELECT  "users".* FROM "users" WHERE "users"."session_token" IS NULL LIMIT $1[0m  [["LIMIT", 1]]
  ↳ app/controllers/application_controller.rb:6
Completed 200 OK in 378ms (Views: 376.9ms | ActiveRecord: 0.7ms)


Started GET "/" for ::1 at 2019-09-09 16:34:08 -0700
Processing by StaticPagesController#root as HTML
  Rendering static_pages/root.html.erb within layouts/application
  Rendered static_pages/root.html.erb within layouts/application (0.3ms)
  [1m[36mUser Load (0.4ms)[0m  [1m[34mSELECT  "users".* FROM "users" WHERE "users"."session_token" IS NULL LIMIT $1[0m  [["LIMIT", 1]]
  ↳ app/controllers/application_controller.rb:6
Completed 200 OK in 343ms (Views: 342.9ms | ActiveRecord: 0.4ms)


Started POST "/api/users/" for ::1 at 2019-09-09 16:34:32 -0700
Processing by Api::UsersController#create as JSON
  Parameters: {"user"=>{"username"=>"carlosthebest", "password"=>"[FILTERED]"}}
  [1m[35m (0.2ms)[0m  [1m[35mBEGIN[0m
  ↳ app/controllers/api/users_controller.rb:4
  [1m[35m (0.2ms)[0m  [1m[31mROLLBACK[0m
  ↳ app/controllers/api/users_controller.rb:4
Completed 422 Unprocessable Entity in 228ms (Views: 0.2ms | ActiveRecord: 0.3ms)


Started GET "/" for ::1 at 2019-09-09 16:36:09 -0700
Processing by StaticPagesController#root as HTML
  Rendering static_pages/root.html.erb within layouts/application
  Rendered static_pages/root.html.erb within layouts/application (0.3ms)
  [1m[36mUser Load (0.3ms)[0m  [1m[34mSELECT  "users".* FROM "users" WHERE "users"."session_token" IS NULL LIMIT $1[0m  [["LIMIT", 1]]
  ↳ app/controllers/application_controller.rb:6
Completed 200 OK in 55ms (Views: 49.2ms | ActiveRecord: 5.6ms)


Started POST "/api/users/" for ::1 at 2019-09-09 16:36:25 -0700
Processing by Api::UsersController#create as JSON
  Parameters: {"user"=>{"username"=>"carlosthebeast", "password"=>"[FILTERED]"}}
Started GET "/" for ::1 at 2019-09-09 16:37:43 -0700
  [1m[35m (0.5ms)[0m  [1m[35mBEGIN[0m
  ↳ app/controllers/api/users_controller.rb:5
  [1m[35m (0.1ms)[0m  [1m[31mROLLBACK[0m
  ↳ app/controllers/api/users_controller.rb:5
Completed 422 Unprocessable Entity in 78575ms (Views: 0.2ms | ActiveRecord: 8.3ms)


Processing by StaticPagesController#root as HTML
  Rendering static_pages/root.html.erb within layouts/application
  Rendered static_pages/root.html.erb within layouts/application (0.3ms)
  [1m[36mUser Load (0.6ms)[0m  [1m[34mSELECT  "users".* FROM "users" WHERE "users"."session_token" IS NULL LIMIT $1[0m  [["LIMIT", 1]]
  ↳ app/controllers/application_controller.rb:6
Completed 200 OK in 350ms (Views: 349.1ms | ActiveRecord: 0.8ms)


Started POST "/api/users/" for ::1 at 2019-09-09 16:38:21 -0700
Processing by Api::UsersController#create as JSON
  Parameters: {"user"=>{"username"=>"carlosisawesome", "password"=>"[FILTERED]", "name"=>"carlos", "age"=>"28", "location"=>"sf"}}
  [1m[35m (2.4ms)[0m  [1m[35mBEGIN[0m
  ↳ app/controllers/api/users_controller.rb:5
  [1m[36mUser Create (2.0ms)[0m  [1m[32mINSERT INTO "users" ("username", "name", "password_digest", "session_token", "age", "created_at", "updated_at", "location") VALUES ($1, $2, $3, $4, $5, $6, $7, $8) RETURNING "id"[0m  [["username", "carlosisawesome"], ["name", "carlos"], ["password_digest", "$2a$12$nEQ9GXQoqqS8giZX2dxheOoYQ.MM66qLGrAiQDoXlABG8G29nV5SS"], ["session_token", "2J3DTkvLCcLDFN8gfXp9lg"], ["age", 28], ["created_at", "2019-09-09 23:41:04.490265"], ["updated_at", "2019-09-09 23:41:04.490265"], ["location", "sf"]]
  ↳ app/controllers/api/users_controller.rb:5
  [1m[35m (2.9ms)[0m  [1m[35mCOMMIT[0m
  ↳ app/controllers/api/users_controller.rb:5
  [1m[35m (0.9ms)[0m  [1m[35mBEGIN[0m
  ↳ app/models/user.rb:51
  [1m[36mUser Update (1.9ms)[0m  [1m[33mUPDATE "users" SET "session_token" = $1, "updated_at" = $2 WHERE "users"."id" = $3[0m  [["session_token", "QjreHtvnFrVlLp5b0jjWYw"], ["updated_at", "2019-09-09 23:41:06.905321"], ["id", 4]]
  ↳ app/models/user.rb:51
  [1m[35m (1.3ms)[0m  [1m[35mCOMMIT[0m
  ↳ app/models/user.rb:51
  Rendering api/users/show.json.jbuilder
  Rendered api/users/show.json.jbuilder (7.3ms)
Completed 200 OK in 170799ms (Views: 31.3ms | ActiveRecord: 11.2ms)


Started DELETE "/api/session/" for ::1 at 2019-09-09 16:41:17 -0700
Processing by Api::SessionsController#destroy as JSON
  [1m[36mUser Load (0.6ms)[0m  [1m[34mSELECT  "users".* FROM "users" WHERE "users"."session_token" = $1 LIMIT $2[0m  [["session_token", "QjreHtvnFrVlLp5b0jjWYw"], ["LIMIT", 1]]
  ↳ app/controllers/application_controller.rb:6
  [1m[35m (0.2ms)[0m  [1m[35mBEGIN[0m
  ↳ app/models/user.rb:51
  [1m[36mUser Update (0.4ms)[0m  [1m[33mUPDATE "users" SET "session_token" = $1, "updated_at" = $2 WHERE "users"."id" = $3[0m  [["session_token", "SxFOJMNWFRjEA1_L06qn0w"], ["updated_at", "2019-09-09 23:41:17.952665"], ["id", 4]]
  ↳ app/models/user.rb:51
  [1m[35m (0.4ms)[0m  [1m[35mCOMMIT[0m
  ↳ app/models/user.rb:51
Completed 200 OK in 7ms (Views: 0.2ms | ActiveRecord: 1.6ms)


Started POST "/api/session/" for ::1 at 2019-09-09 16:41:30 -0700
Processing by Api::SessionsController#create as JSON
  Parameters: {"user"=>{"username"=>"carlosisawesome", "password"=>"[FILTERED]"}}
  [1m[36mUser Load (0.3ms)[0m  [1m[34mSELECT  "users".* FROM "users" WHERE "users"."username" = $1 LIMIT $2[0m  [["username", "carlosisawesome"], ["LIMIT", 1]]
  ↳ app/models/user.rb:35
Completed 404 Not Found in 213ms (Views: 0.2ms | ActiveRecord: 0.3ms)


Started POST "/api/users/" for ::1 at 2019-09-09 16:41:57 -0700
Processing by Api::UsersController#create as JSON
  Parameters: {"user"=>{"username"=>"miamor", "password"=>"[FILTERED]", "name"=>"amor", "age"=>"28", "location"=>"sf"}}
  [1m[35m (0.1ms)[0m  [1m[35mBEGIN[0m
  ↳ app/controllers/api/users_controller.rb:5
  [1m[36mUser Create (0.4ms)[0m  [1m[32mINSERT INTO "users" ("username", "name", "password_digest", "session_token", "age", "created_at", "updated_at", "location") VALUES ($1, $2, $3, $4, $5, $6, $7, $8) RETURNING "id"[0m  [["username", "miamor"], ["name", "amor"], ["password_digest", "$2a$12$AMm9AdT9mEKPUY9A7liGNOIAJKS3VpN6dbdQB7XtTdru/KGidol5e"], ["session_token", "StmcJz4o4WMAT0dT9dQbFw"], ["age", 28], ["created_at", "2019-09-09 23:41:59.958311"], ["updated_at", "2019-09-09 23:41:59.958311"], ["location", "sf"]]
  ↳ app/controllers/api/users_controller.rb:5
  [1m[35m (5.5ms)[0m  [1m[35mCOMMIT[0m
  ↳ app/controllers/api/users_controller.rb:5
  [1m[35m (0.1ms)[0m  [1m[35mBEGIN[0m
  ↳ app/models/user.rb:51
  [1m[36mUser Update (0.4ms)[0m  [1m[33mUPDATE "users" SET "session_token" = $1, "updated_at" = $2 WHERE "users"."id" = $3[0m  [["session_token", "iGYoyU-QQylUU9smYga2tQ"], ["updated_at", "2019-09-09 23:41:59.965859"], ["id", 5]]
  ↳ app/models/user.rb:51
  [1m[35m (0.3ms)[0m  [1m[35mCOMMIT[0m
  ↳ app/models/user.rb:51
  Rendering api/users/show.json.jbuilder
  Rendered api/users/show.json.jbuilder (0.6ms)
Completed 200 OK in 2138ms (Views: 6.8ms | ActiveRecord: 6.8ms)


Started DELETE "/api/session/" for ::1 at 2019-09-09 16:42:07 -0700
Processing by Api::SessionsController#destroy as JSON
  [1m[36mUser Load (0.4ms)[0m  [1m[34mSELECT  "users".* FROM "users" WHERE "users"."session_token" = $1 LIMIT $2[0m  [["session_token", "iGYoyU-QQylUU9smYga2tQ"], ["LIMIT", 1]]
  ↳ app/controllers/application_controller.rb:6
  [1m[35m (0.1ms)[0m  [1m[35mBEGIN[0m
  ↳ app/models/user.rb:51
  [1m[36mUser Update (0.4ms)[0m  [1m[33mUPDATE "users" SET "session_token" = $1, "updated_at" = $2 WHERE "users"."id" = $3[0m  [["session_token", "7-HQTQtA06JiE_VrmA07wg"], ["updated_at", "2019-09-09 23:42:07.007011"], ["id", 5]]
  ↳ app/models/user.rb:51
  [1m[35m (5.4ms)[0m  [1m[35mCOMMIT[0m
  ↳ app/models/user.rb:51
Completed 200 OK in 9ms (Views: 0.1ms | ActiveRecord: 6.3ms)


Started POST "/api/session/" for ::1 at 2019-09-09 16:42:16 -0700
Processing by Api::SessionsController#create as JSON
  Parameters: {"user"=>{"username"=>"miamor", "password"=>"[FILTERED]"}}
  [1m[36mUser Load (0.4ms)[0m  [1m[34mSELECT  "users".* FROM "users" WHERE "users"."username" = $1 LIMIT $2[0m  [["username", "miamor"], ["LIMIT", 1]]
  ↳ app/models/user.rb:35
  [1m[35m (1.2ms)[0m  [1m[35mBEGIN[0m
  ↳ app/models/user.rb:51
  [1m[36mUser Update (0.6ms)[0m  [1m[33mUPDATE "users" SET "session_token" = $1, "updated_at" = $2 WHERE "users"."id" = $3[0m  [["session_token", "b-xt2nztJoe9t96schpQ0A"], ["updated_at", "2019-09-09 23:42:16.328426"], ["id", 5]]
  ↳ app/models/user.rb:51
  [1m[35m (0.4ms)[0m  [1m[35mCOMMIT[0m
  ↳ app/models/user.rb:51
  Rendering api/sessions/show.json.jbuilder
  Rendered api/sessions/show.json.jbuilder (0.3ms)
Completed 200 OK in 224ms (Views: 5.0ms | ActiveRecord: 2.7ms)


Started GET "/" for ::1 at 2019-09-09 16:48:07 -0700
Processing by StaticPagesController#root as HTML
  Rendering static_pages/root.html.erb within layouts/application
  Rendered static_pages/root.html.erb within layouts/application (1.6ms)
  [1m[36mUser Load (0.7ms)[0m  [1m[34mSELECT  "users".* FROM "users" WHERE "users"."session_token" = $1 LIMIT $2[0m  [["session_token", "b-xt2nztJoe9t96schpQ0A"], ["LIMIT", 1]]
  ↳ app/controllers/application_controller.rb:6
Completed 200 OK in 387ms (Views: 384.7ms | ActiveRecord: 0.9ms)


Started GET "/" for ::1 at 2019-09-09 16:48:12 -0700
Processing by StaticPagesController#root as HTML
  Rendering static_pages/root.html.erb within layouts/application
  Rendered static_pages/root.html.erb within layouts/application (0.5ms)
  [1m[36mUser Load (0.8ms)[0m  [1m[34mSELECT  "users".* FROM "users" WHERE "users"."session_token" = $1 LIMIT $2[0m  [["session_token", "b-xt2nztJoe9t96schpQ0A"], ["LIMIT", 1]]
  ↳ app/controllers/application_controller.rb:6
Completed 200 OK in 41ms (Views: 40.0ms | ActiveRecord: 0.8ms)


Started GET "/" for ::1 at 2019-09-09 16:48:13 -0700
Processing by StaticPagesController#root as HTML
  Rendering static_pages/root.html.erb within layouts/application
  Rendered static_pages/root.html.erb within layouts/application (0.3ms)
  [1m[36mUser Load (0.5ms)[0m  [1m[34mSELECT  "users".* FROM "users" WHERE "users"."session_token" = $1 LIMIT $2[0m  [["session_token", "b-xt2nztJoe9t96schpQ0A"], ["LIMIT", 1]]
  ↳ app/controllers/application_controller.rb:6
Completed 200 OK in 37ms (Views: 36.0ms | ActiveRecord: 0.5ms)


Started GET "/" for ::1 at 2019-09-09 16:48:43 -0700
Processing by StaticPagesController#root as HTML
  Rendering static_pages/root.html.erb within layouts/application
  Rendered static_pages/root.html.erb within layouts/application (0.5ms)
  [1m[36mUser Load (0.4ms)[0m  [1m[34mSELECT  "users".* FROM "users" WHERE "users"."session_token" = $1 LIMIT $2[0m  [["session_token", "b-xt2nztJoe9t96schpQ0A"], ["LIMIT", 1]]
  ↳ app/controllers/application_controller.rb:6
Completed 200 OK in 426ms (Views: 425.4ms | ActiveRecord: 0.4ms)


Started GET "/" for ::1 at 2019-09-09 16:48:46 -0700
Processing by StaticPagesController#root as HTML
  Rendering static_pages/root.html.erb within layouts/application
  Rendered static_pages/root.html.erb within layouts/application (0.4ms)
  [1m[36mUser Load (0.4ms)[0m  [1m[34mSELECT  "users".* FROM "users" WHERE "users"."session_token" = $1 LIMIT $2[0m  [["session_token", "b-xt2nztJoe9t96schpQ0A"], ["LIMIT", 1]]
  ↳ app/controllers/application_controller.rb:6
Completed 200 OK in 37ms (Views: 36.0ms | ActiveRecord: 0.4ms)


Started GET "/" for ::1 at 2019-09-09 16:48:47 -0700
Processing by StaticPagesController#root as HTML
  Rendering static_pages/root.html.erb within layouts/application
  Rendered static_pages/root.html.erb within layouts/application (0.3ms)
  [1m[36mUser Load (0.6ms)[0m  [1m[34mSELECT  "users".* FROM "users" WHERE "users"."session_token" = $1 LIMIT $2[0m  [["session_token", "b-xt2nztJoe9t96schpQ0A"], ["LIMIT", 1]]
  ↳ app/controllers/application_controller.rb:6
Completed 200 OK in 37ms (Views: 35.8ms | ActiveRecord: 0.6ms)


Started GET "/" for ::1 at 2019-09-09 16:48:49 -0700
Processing by StaticPagesController#root as HTML
  Rendering static_pages/root.html.erb within layouts/application
  Rendered static_pages/root.html.erb within layouts/application (0.6ms)
  [1m[36mUser Load (0.3ms)[0m  [1m[34mSELECT  "users".* FROM "users" WHERE "users"."session_token" = $1 LIMIT $2[0m  [["session_token", "b-xt2nztJoe9t96schpQ0A"], ["LIMIT", 1]]
  ↳ app/controllers/application_controller.rb:6
Completed 200 OK in 35ms (Views: 34.1ms | ActiveRecord: 0.3ms)


Started GET "/" for ::1 at 2019-09-09 16:48:50 -0700
Processing by StaticPagesController#root as HTML
  Rendering static_pages/root.html.erb within layouts/application
  Rendered static_pages/root.html.erb within layouts/application (0.3ms)
  [1m[36mUser Load (1.1ms)[0m  [1m[34mSELECT  "users".* FROM "users" WHERE "users"."session_token" = $1 LIMIT $2[0m  [["session_token", "b-xt2nztJoe9t96schpQ0A"], ["LIMIT", 1]]
  ↳ app/controllers/application_controller.rb:6
Completed 200 OK in 36ms (Views: 34.6ms | ActiveRecord: 1.1ms)


Started GET "/" for ::1 at 2019-09-09 16:48:51 -0700
Processing by StaticPagesController#root as HTML
  Rendering static_pages/root.html.erb within layouts/application
  Rendered static_pages/root.html.erb within layouts/application (0.3ms)
  [1m[36mUser Load (0.3ms)[0m  [1m[34mSELECT  "users".* FROM "users" WHERE "users"."session_token" = $1 LIMIT $2[0m  [["session_token", "b-xt2nztJoe9t96schpQ0A"], ["LIMIT", 1]]
  ↳ app/controllers/application_controller.rb:6
Completed 200 OK in 27ms (Views: 26.5ms | ActiveRecord: 0.3ms)


Started GET "/" for ::1 at 2019-09-09 16:48:59 -0700
Processing by StaticPagesController#root as HTML
  Rendering static_pages/root.html.erb within layouts/application
  Rendered static_pages/root.html.erb within layouts/application (0.3ms)
  [1m[36mUser Load (0.2ms)[0m  [1m[34mSELECT  "users".* FROM "users" WHERE "users"."session_token" = $1 LIMIT $2[0m  [["session_token", "b-xt2nztJoe9t96schpQ0A"], ["LIMIT", 1]]
  ↳ app/controllers/application_controller.rb:6
Completed 200 OK in 35ms (Views: 34.7ms | ActiveRecord: 0.2ms)


Started GET "/" for ::1 at 2019-09-09 16:49:08 -0700
Processing by StaticPagesController#root as HTML
  Rendering static_pages/root.html.erb within layouts/application
  Rendered static_pages/root.html.erb within layouts/application (0.4ms)
  [1m[36mUser Load (0.4ms)[0m  [1m[34mSELECT  "users".* FROM "users" WHERE "users"."session_token" = $1 LIMIT $2[0m  [["session_token", "b-xt2nztJoe9t96schpQ0A"], ["LIMIT", 1]]
  ↳ app/controllers/application_controller.rb:6
Completed 200 OK in 47ms (Views: 45.9ms | ActiveRecord: 0.4ms)


Started GET "/" for ::1 at 2019-09-09 16:49:37 -0700
Processing by StaticPagesController#root as HTML
  Rendering static_pages/root.html.erb within layouts/application
  Rendered static_pages/root.html.erb within layouts/application (0.3ms)
  [1m[36mUser Load (0.2ms)[0m  [1m[34mSELECT  "users".* FROM "users" WHERE "users"."session_token" = $1 LIMIT $2[0m  [["session_token", "b-xt2nztJoe9t96schpQ0A"], ["LIMIT", 1]]
  ↳ app/controllers/application_controller.rb:6
Completed 200 OK in 29ms (Views: 28.8ms | ActiveRecord: 0.2ms)


Started GET "/" for ::1 at 2019-09-09 16:49:39 -0700
Processing by StaticPagesController#root as HTML
  Rendering static_pages/root.html.erb within layouts/application
  Rendered static_pages/root.html.erb within layouts/application (0.4ms)
  [1m[36mUser Load (0.4ms)[0m  [1m[34mSELECT  "users".* FROM "users" WHERE "users"."session_token" = $1 LIMIT $2[0m  [["session_token", "b-xt2nztJoe9t96schpQ0A"], ["LIMIT", 1]]
  ↳ app/controllers/application_controller.rb:6
Completed 200 OK in 30ms (Views: 29.4ms | ActiveRecord: 0.4ms)


Started GET "/" for ::1 at 2019-09-09 16:49:40 -0700
Processing by StaticPagesController#root as HTML
  Rendering static_pages/root.html.erb within layouts/application
  Rendered static_pages/root.html.erb within layouts/application (0.3ms)
  [1m[36mUser Load (0.3ms)[0m  [1m[34mSELECT  "users".* FROM "users" WHERE "users"."session_token" = $1 LIMIT $2[0m  [["session_token", "b-xt2nztJoe9t96schpQ0A"], ["LIMIT", 1]]
  ↳ app/controllers/application_controller.rb:6
Completed 200 OK in 30ms (Views: 29.6ms | ActiveRecord: 0.3ms)


Started GET "/" for ::1 at 2019-09-09 16:49:41 -0700
Processing by StaticPagesController#root as HTML
  Rendering static_pages/root.html.erb within layouts/application
  Rendered static_pages/root.html.erb within layouts/application (0.4ms)
  [1m[36mUser Load (0.3ms)[0m  [1m[34mSELECT  "users".* FROM "users" WHERE "users"."session_token" = $1 LIMIT $2[0m  [["session_token", "b-xt2nztJoe9t96schpQ0A"], ["LIMIT", 1]]
  ↳ app/controllers/application_controller.rb:6
Completed 200 OK in 30ms (Views: 29.9ms | ActiveRecord: 0.3ms)


Started DELETE "/api/session/" for ::1 at 2019-09-09 16:49:58 -0700
Processing by Api::SessionsController#destroy as JSON
  [1m[36mUser Load (0.2ms)[0m  [1m[34mSELECT  "users".* FROM "users" WHERE "users"."session_token" = $1 LIMIT $2[0m  [["session_token", "b-xt2nztJoe9t96schpQ0A"], ["LIMIT", 1]]
  ↳ app/controllers/application_controller.rb:6
  [1m[35m (0.1ms)[0m  [1m[35mBEGIN[0m
  ↳ app/models/user.rb:51
  [1m[36mUser Update (0.8ms)[0m  [1m[33mUPDATE "users" SET "session_token" = $1, "updated_at" = $2 WHERE "users"."id" = $3[0m  [["session_token", "VyMZqc5rim1l6BRwqIU7Aw"], ["updated_at", "2019-09-09 23:49:58.312233"], ["id", 5]]
  ↳ app/models/user.rb:51
  [1m[35m (5.4ms)[0m  [1m[35mCOMMIT[0m
  ↳ app/models/user.rb:51
Completed 200 OK in 13ms (Views: 0.2ms | ActiveRecord: 6.5ms)


Started POST "/api/session/" for ::1 at 2019-09-09 16:50:05 -0700
Processing by Api::SessionsController#create as JSON
  Parameters: {"user"=>{"username"=>"miamor", "password"=>"[FILTERED]"}}
  [1m[36mUser Load (0.3ms)[0m  [1m[34mSELECT  "users".* FROM "users" WHERE "users"."username" = $1 LIMIT $2[0m  [["username", "miamor"], ["LIMIT", 1]]
  ↳ app/models/user.rb:35
  [1m[35m (0.1ms)[0m  [1m[35mBEGIN[0m
  ↳ app/models/user.rb:51
  [1m[36mUser Update (0.5ms)[0m  [1m[33mUPDATE "users" SET "session_token" = $1, "updated_at" = $2 WHERE "users"."id" = $3[0m  [["session_token", "Bu7Gmg-BZrd0vgfufP007A"], ["updated_at", "2019-09-09 23:50:05.401333"], ["id", 5]]
  ↳ app/models/user.rb:51
  [1m[35m (5.3ms)[0m  [1m[35mCOMMIT[0m
  ↳ app/models/user.rb:51
  Rendering api/sessions/show.json.jbuilder
  Rendered api/sessions/show.json.jbuilder (0.5ms)
Completed 200 OK in 229ms (Views: 6.3ms | ActiveRecord: 6.3ms)


Started GET "/" for ::1 at 2019-09-09 16:51:41 -0700
Processing by StaticPagesController#root as HTML
  Rendering static_pages/root.html.erb within layouts/application
  Rendered static_pages/root.html.erb within layouts/application (0.4ms)
  [1m[36mUser Load (0.5ms)[0m  [1m[34mSELECT  "users".* FROM "users" WHERE "users"."session_token" = $1 LIMIT $2[0m  [["session_token", "Bu7Gmg-BZrd0vgfufP007A"], ["LIMIT", 1]]
  ↳ app/controllers/application_controller.rb:6
Completed 200 OK in 43ms (Views: 42.6ms | ActiveRecord: 0.5ms)


Started DELETE "/api/session/" for ::1 at 2019-09-09 16:51:46 -0700
Processing by Api::SessionsController#destroy as JSON
  [1m[36mUser Load (0.4ms)[0m  [1m[34mSELECT  "users".* FROM "users" WHERE "users"."session_token" = $1 LIMIT $2[0m  [["session_token", "Bu7Gmg-BZrd0vgfufP007A"], ["LIMIT", 1]]
  ↳ app/controllers/application_controller.rb:6
  [1m[35m (0.1ms)[0m  [1m[35mBEGIN[0m
  ↳ app/models/user.rb:51
  [1m[36mUser Update (0.4ms)[0m  [1m[33mUPDATE "users" SET "session_token" = $1, "updated_at" = $2 WHERE "users"."id" = $3[0m  [["session_token", "Q_gox66OQCFrT7DIE1HesQ"], ["updated_at", "2019-09-09 23:51:46.219004"], ["id", 5]]
  ↳ app/models/user.rb:51
  [1m[35m (0.4ms)[0m  [1m[35mCOMMIT[0m
  ↳ app/models/user.rb:51
Completed 200 OK in 6ms (Views: 0.2ms | ActiveRecord: 1.3ms)


Started GET "/" for ::1 at 2019-09-09 16:51:51 -0700
Processing by StaticPagesController#root as HTML
  Rendering static_pages/root.html.erb within layouts/application
  Rendered static_pages/root.html.erb within layouts/application (0.4ms)
  [1m[36mUser Load (0.4ms)[0m  [1m[34mSELECT  "users".* FROM "users" WHERE "users"."session_token" IS NULL LIMIT $1[0m  [["LIMIT", 1]]
  ↳ app/controllers/application_controller.rb:6
Completed 200 OK in 38ms (Views: 37.3ms | ActiveRecord: 0.4ms)


Started GET "/" for ::1 at 2019-09-09 17:04:32 -0700
Processing by StaticPagesController#root as HTML
  Rendering static_pages/root.html.erb within layouts/application
  Rendered static_pages/root.html.erb within layouts/application (0.6ms)
  [1m[36mUser Load (0.5ms)[0m  [1m[34mSELECT  "users".* FROM "users" WHERE "users"."session_token" IS NULL LIMIT $1[0m  [["LIMIT", 1]]
  ↳ app/controllers/application_controller.rb:6
Completed 200 OK in 381ms (Views: 379.8ms | ActiveRecord: 0.7ms)


Started GET "/" for ::1 at 2019-09-09 17:04:42 -0700
Processing by StaticPagesController#root as HTML
  Rendering static_pages/root.html.erb within layouts/application
  Rendered static_pages/root.html.erb within layouts/application (0.4ms)
  [1m[36mUser Load (0.4ms)[0m  [1m[34mSELECT  "users".* FROM "users" WHERE "users"."session_token" IS NULL LIMIT $1[0m  [["LIMIT", 1]]
  ↳ app/controllers/application_controller.rb:6
Completed 200 OK in 370ms (Views: 369.2ms | ActiveRecord: 0.4ms)


Started GET "/" for ::1 at 2019-09-09 17:08:09 -0700
Processing by StaticPagesController#root as HTML
  Rendering static_pages/root.html.erb within layouts/application
  Rendered static_pages/root.html.erb within layouts/application (0.3ms)
  [1m[36mUser Load (0.4ms)[0m  [1m[34mSELECT  "users".* FROM "users" WHERE "users"."session_token" IS NULL LIMIT $1[0m  [["LIMIT", 1]]
  ↳ app/controllers/application_controller.rb:6
Completed 200 OK in 373ms (Views: 372.8ms | ActiveRecord: 0.4ms)


Started GET "/" for ::1 at 2019-09-09 17:09:23 -0700
Processing by StaticPagesController#root as HTML
  Rendering static_pages/root.html.erb within layouts/application
  Rendered static_pages/root.html.erb within layouts/application (0.4ms)
  [1m[36mUser Load (0.4ms)[0m  [1m[34mSELECT  "users".* FROM "users" WHERE "users"."session_token" IS NULL LIMIT $1[0m  [["LIMIT", 1]]
  ↳ app/controllers/application_controller.rb:6
Completed 200 OK in 381ms (Views: 380.8ms | ActiveRecord: 0.4ms)


Started GET "/" for ::1 at 2019-09-09 17:10:35 -0700
Processing by StaticPagesController#root as HTML
  Rendering static_pages/root.html.erb within layouts/application
  Rendered static_pages/root.html.erb within layouts/application (0.7ms)
  [1m[36mUser Load (0.5ms)[0m  [1m[34mSELECT  "users".* FROM "users" WHERE "users"."session_token" IS NULL LIMIT $1[0m  [["LIMIT", 1]]
  ↳ app/controllers/application_controller.rb:6
Completed 200 OK in 37ms (Views: 36.4ms | ActiveRecord: 0.5ms)


